[2022-05-23 02:49:46,673] {taskinstance.py:1159} INFO - Dependencies all met for <TaskInstance: anp_fuel_sales_etl.insert_sales_of_oil_derivative_fuels manual__2022-05-23T02:49:44.362387+00:00 [queued]>
[2022-05-23 02:49:46,679] {taskinstance.py:1159} INFO - Dependencies all met for <TaskInstance: anp_fuel_sales_etl.insert_sales_of_oil_derivative_fuels manual__2022-05-23T02:49:44.362387+00:00 [queued]>
[2022-05-23 02:49:46,679] {taskinstance.py:1356} INFO - 
--------------------------------------------------------------------------------
[2022-05-23 02:49:46,679] {taskinstance.py:1357} INFO - Starting attempt 1 of 1
[2022-05-23 02:49:46,679] {taskinstance.py:1358} INFO - 
--------------------------------------------------------------------------------
[2022-05-23 02:49:46,689] {taskinstance.py:1377} INFO - Executing <Task(PythonOperator): insert_sales_of_oil_derivative_fuels> on 2022-05-23 02:49:44.362387+00:00
[2022-05-23 02:49:46,694] {standard_task_runner.py:52} INFO - Started process 419 to run task
[2022-05-23 02:49:46,697] {standard_task_runner.py:79} INFO - Running: ['***', 'tasks', 'run', 'anp_fuel_sales_etl', 'insert_sales_of_oil_derivative_fuels', 'manual__2022-05-23T02:49:44.362387+00:00', '--job-id', '13', '--raw', '--subdir', 'DAGS_FOLDER/anp_fuel_sales_etl.py', '--cfg-path', '/tmp/tmpnrjtx172', '--error-file', '/tmp/tmpjg4vd8qg']
[2022-05-23 02:49:46,697] {standard_task_runner.py:80} INFO - Job 13: Subtask insert_sales_of_oil_derivative_fuels
[2022-05-23 02:49:46,847] {task_command.py:369} INFO - Running <TaskInstance: anp_fuel_sales_etl.insert_sales_of_oil_derivative_fuels manual__2022-05-23T02:49:44.362387+00:00 [running]> on host f60453fe3eb1
[2022-05-23 02:49:46,925] {taskinstance.py:1571} INFO - Exporting the following env vars:
AIRFLOW_CTX_DAG_OWNER=***
AIRFLOW_CTX_DAG_ID=anp_fuel_sales_etl
AIRFLOW_CTX_TASK_ID=insert_sales_of_oil_derivative_fuels
AIRFLOW_CTX_EXECUTION_DATE=2022-05-23T02:49:44.362387+00:00
AIRFLOW_CTX_TRY_NUMBER=1
AIRFLOW_CTX_DAG_RUN_ID=manual__2022-05-23T02:49:44.362387+00:00
[2022-05-23 02:49:47,154] {logging_mixin.py:115} INFO - the dataframe is inserted
[2022-05-23 02:49:47,155] {python.py:173} INFO - Done. Returned value was: None
[2022-05-23 02:49:47,169] {taskinstance.py:1400} INFO - Marking task as SUCCESS. dag_id=anp_fuel_sales_etl, task_id=insert_sales_of_oil_derivative_fuels, execution_date=20220523T024944, start_date=20220523T024946, end_date=20220523T024947
[2022-05-23 02:49:47,188] {local_task_job.py:156} INFO - Task exited with return code 0
