[2022-05-23 15:20:27,242] {taskinstance.py:1159} INFO - Dependencies all met for <TaskInstance: anp_fuel_sales_etl.insert_sales_of_diesel scheduled__2022-05-22T15:20:20.257265+00:00 [queued]>
[2022-05-23 15:20:27,248] {taskinstance.py:1159} INFO - Dependencies all met for <TaskInstance: anp_fuel_sales_etl.insert_sales_of_diesel scheduled__2022-05-22T15:20:20.257265+00:00 [queued]>
[2022-05-23 15:20:27,248] {taskinstance.py:1356} INFO - 
--------------------------------------------------------------------------------
[2022-05-23 15:20:27,248] {taskinstance.py:1357} INFO - Starting attempt 1 of 1
[2022-05-23 15:20:27,248] {taskinstance.py:1358} INFO - 
--------------------------------------------------------------------------------
[2022-05-23 15:20:27,257] {taskinstance.py:1377} INFO - Executing <Task(PythonOperator): insert_sales_of_diesel> on 2022-05-22 15:20:20.257265+00:00
[2022-05-23 15:20:27,262] {standard_task_runner.py:52} INFO - Started process 135 to run task
[2022-05-23 15:20:27,264] {standard_task_runner.py:79} INFO - Running: ['***', 'tasks', 'run', 'anp_fuel_sales_etl', 'insert_sales_of_diesel', 'scheduled__2022-05-22T15:20:20.257265+00:00', '--job-id', '20', '--raw', '--subdir', 'DAGS_FOLDER/anp_fuel_sales_etl.py', '--cfg-path', '/tmp/tmpszpjidg7', '--error-file', '/tmp/tmp3x39mndy']
[2022-05-23 15:20:27,265] {standard_task_runner.py:80} INFO - Job 20: Subtask insert_sales_of_diesel
[2022-05-23 15:20:27,409] {task_command.py:369} INFO - Running <TaskInstance: anp_fuel_sales_etl.insert_sales_of_diesel scheduled__2022-05-22T15:20:20.257265+00:00 [running]> on host df0d00c8b63e
[2022-05-23 15:20:27,495] {taskinstance.py:1571} INFO - Exporting the following env vars:
AIRFLOW_CTX_DAG_OWNER=***
AIRFLOW_CTX_DAG_ID=anp_fuel_sales_etl
AIRFLOW_CTX_TASK_ID=insert_sales_of_diesel
AIRFLOW_CTX_EXECUTION_DATE=2022-05-22T15:20:20.257265+00:00
AIRFLOW_CTX_TRY_NUMBER=1
AIRFLOW_CTX_DAG_RUN_ID=scheduled__2022-05-22T15:20:20.257265+00:00
[2022-05-23 15:20:27,540] {logging_mixin.py:115} INFO - the dataframe is inserted
[2022-05-23 15:20:27,540] {python.py:173} INFO - Done. Returned value was: None
[2022-05-23 15:20:27,554] {taskinstance.py:1400} INFO - Marking task as SUCCESS. dag_id=anp_fuel_sales_etl, task_id=insert_sales_of_diesel, execution_date=20220522T152020, start_date=20220523T152027, end_date=20220523T152027
[2022-05-23 15:20:27,595] {local_task_job.py:156} INFO - Task exited with return code 0
