[2022-05-23 15:20:25,325] {taskinstance.py:1159} INFO - Dependencies all met for <TaskInstance: anp_fuel_sales_etl.insert_raw_sales_of_oil_derivative_fuels scheduled__2022-05-22T15:20:20.257265+00:00 [queued]>
[2022-05-23 15:20:25,331] {taskinstance.py:1159} INFO - Dependencies all met for <TaskInstance: anp_fuel_sales_etl.insert_raw_sales_of_oil_derivative_fuels scheduled__2022-05-22T15:20:20.257265+00:00 [queued]>
[2022-05-23 15:20:25,331] {taskinstance.py:1356} INFO - 
--------------------------------------------------------------------------------
[2022-05-23 15:20:25,331] {taskinstance.py:1357} INFO - Starting attempt 1 of 1
[2022-05-23 15:20:25,331] {taskinstance.py:1358} INFO - 
--------------------------------------------------------------------------------
[2022-05-23 15:20:25,342] {taskinstance.py:1377} INFO - Executing <Task(PostgresOperator): insert_raw_sales_of_oil_derivative_fuels> on 2022-05-22 15:20:20.257265+00:00
[2022-05-23 15:20:25,346] {standard_task_runner.py:52} INFO - Started process 132 to run task
[2022-05-23 15:20:25,349] {standard_task_runner.py:79} INFO - Running: ['***', 'tasks', 'run', 'anp_fuel_sales_etl', 'insert_raw_sales_of_oil_derivative_fuels', 'scheduled__2022-05-22T15:20:20.257265+00:00', '--job-id', '19', '--raw', '--subdir', 'DAGS_FOLDER/anp_fuel_sales_etl.py', '--cfg-path', '/tmp/tmpxf0vrqqa', '--error-file', '/tmp/tmpzco2009o']
[2022-05-23 15:20:25,350] {standard_task_runner.py:80} INFO - Job 19: Subtask insert_raw_sales_of_oil_derivative_fuels
[2022-05-23 15:20:25,491] {task_command.py:369} INFO - Running <TaskInstance: anp_fuel_sales_etl.insert_raw_sales_of_oil_derivative_fuels scheduled__2022-05-22T15:20:20.257265+00:00 [running]> on host df0d00c8b63e
[2022-05-23 15:20:25,553] {taskinstance.py:1571} INFO - Exporting the following env vars:
AIRFLOW_CTX_DAG_OWNER=***
AIRFLOW_CTX_DAG_ID=anp_fuel_sales_etl
AIRFLOW_CTX_TASK_ID=insert_raw_sales_of_oil_derivative_fuels
AIRFLOW_CTX_EXECUTION_DATE=2022-05-22T15:20:20.257265+00:00
AIRFLOW_CTX_TRY_NUMBER=1
AIRFLOW_CTX_DAG_RUN_ID=scheduled__2022-05-22T15:20:20.257265+00:00
[2022-05-23 15:20:25,554] {crypto.py:82} WARNING - empty cryptography key - values will not be stored encrypted.
[2022-05-23 15:20:25,554] {base.py:68} INFO - Using connection ID 'postgres' for task execution.
[2022-05-23 15:20:25,556] {dbapi.py:208} INFO - Running statement: INSERT INTO public.raw_sales_of_oil_derivative_fuels
select 
        cast(ano || '-' || unnest(array['01' , '02' , '03' , '04' , '05' , '06' , '07' , '08' , '09' , '10' , '11' , '12']) || '-' || '01' as date) as year_month,
        estado as uf,
        combustivel as product,
        regiao as unit,
        unnest(array[jan , fev , mar , abr , mai, jun, jul, ago, set, out, nov, dez]) as volume,
        CURRENT_TIMESTAMP as created_at 
from public.sales_of_oil_derivative_fuels;

TRUNCATE TABLE public.sales_of_oil_derivative_fuels;, parameters: None
[2022-05-23 15:20:25,749] {taskinstance.py:1400} INFO - Marking task as SUCCESS. dag_id=anp_fuel_sales_etl, task_id=insert_raw_sales_of_oil_derivative_fuels, execution_date=20220522T152020, start_date=20220523T152025, end_date=20220523T152025
[2022-05-23 15:20:25,800] {local_task_job.py:156} INFO - Task exited with return code 0
