[2022-05-23 02:44:04,839] {taskinstance.py:1159} INFO - Dependencies all met for <TaskInstance: anp_fuel_sales_etl.create_sales_of_oil_derivative_fuels scheduled__2022-05-22T02:44:00.589102+00:00 [queued]>
[2022-05-23 02:44:04,846] {taskinstance.py:1159} INFO - Dependencies all met for <TaskInstance: anp_fuel_sales_etl.create_sales_of_oil_derivative_fuels scheduled__2022-05-22T02:44:00.589102+00:00 [queued]>
[2022-05-23 02:44:04,846] {taskinstance.py:1356} INFO - 
--------------------------------------------------------------------------------
[2022-05-23 02:44:04,846] {taskinstance.py:1357} INFO - Starting attempt 1 of 1
[2022-05-23 02:44:04,846] {taskinstance.py:1358} INFO - 
--------------------------------------------------------------------------------
[2022-05-23 02:44:04,857] {taskinstance.py:1377} INFO - Executing <Task(PostgresOperator): create_sales_of_oil_derivative_fuels> on 2022-05-22 02:44:00.589102+00:00
[2022-05-23 02:44:04,860] {standard_task_runner.py:52} INFO - Started process 123 to run task
[2022-05-23 02:44:04,862] {standard_task_runner.py:79} INFO - Running: ['***', 'tasks', 'run', 'anp_fuel_sales_etl', 'create_sales_of_oil_derivative_fuels', 'scheduled__2022-05-22T02:44:00.589102+00:00', '--job-id', '7', '--raw', '--subdir', 'DAGS_FOLDER/anp_fuel_sales_etl.py', '--cfg-path', '/tmp/tmpzh7ixyin', '--error-file', '/tmp/tmpgaaoyzty']
[2022-05-23 02:44:04,862] {standard_task_runner.py:80} INFO - Job 7: Subtask create_sales_of_oil_derivative_fuels
[2022-05-23 02:44:04,900] {task_command.py:369} INFO - Running <TaskInstance: anp_fuel_sales_etl.create_sales_of_oil_derivative_fuels scheduled__2022-05-22T02:44:00.589102+00:00 [running]> on host f60453fe3eb1
[2022-05-23 02:44:04,958] {taskinstance.py:1571} INFO - Exporting the following env vars:
AIRFLOW_CTX_DAG_OWNER=***
AIRFLOW_CTX_DAG_ID=anp_fuel_sales_etl
AIRFLOW_CTX_TASK_ID=create_sales_of_oil_derivative_fuels
AIRFLOW_CTX_EXECUTION_DATE=2022-05-22T02:44:00.589102+00:00
AIRFLOW_CTX_TRY_NUMBER=1
AIRFLOW_CTX_DAG_RUN_ID=scheduled__2022-05-22T02:44:00.589102+00:00
[2022-05-23 02:44:04,959] {crypto.py:82} WARNING - empty cryptography key - values will not be stored encrypted.
[2022-05-23 02:44:04,959] {base.py:68} INFO - Using connection ID 'postgres' for task execution.
[2022-05-23 02:44:04,962] {dbapi.py:208} INFO - Running statement: CREATE TABLE IF NOT EXISTS sales_of_diesel (
        combustivel	varchar,
        ano	varchar,
        regiao	varchar,
        estado	varchar,
        jan	numeric(10,2),
        fev	numeric(10,2),
        mar	numeric(10,2),
        abr	numeric(10,2),
        mai	numeric(10,2),
        jun	numeric(10,2),
        jul	numeric(10,2),
        ago	numeric(10,2),
        set	numeric(10,2),
        out	numeric(10,2),
        nov	numeric(10,2),
        dez	numeric(10,2),
        total numeric(10,2)
        );, parameters: None
[2022-05-23 02:44:04,986] {taskinstance.py:1400} INFO - Marking task as SUCCESS. dag_id=anp_fuel_sales_etl, task_id=create_sales_of_oil_derivative_fuels, execution_date=20220522T024400, start_date=20220523T024404, end_date=20220523T024404
[2022-05-23 02:44:05,033] {local_task_job.py:156} INFO - Task exited with return code 0
[2022-05-23 02:44:05,066] {local_task_job.py:273} INFO - 0 downstream tasks scheduled from follow-on schedule check
