[2022-05-23 02:49:49,526] {taskinstance.py:1159} INFO - Dependencies all met for <TaskInstance: anp_fuel_sales_etl.insert_raw_sales_of_oil_derivative_fuels manual__2022-05-23T02:49:44.362387+00:00 [queued]>
[2022-05-23 02:49:49,534] {taskinstance.py:1159} INFO - Dependencies all met for <TaskInstance: anp_fuel_sales_etl.insert_raw_sales_of_oil_derivative_fuels manual__2022-05-23T02:49:44.362387+00:00 [queued]>
[2022-05-23 02:49:49,534] {taskinstance.py:1356} INFO - 
--------------------------------------------------------------------------------
[2022-05-23 02:49:49,534] {taskinstance.py:1357} INFO - Starting attempt 1 of 1
[2022-05-23 02:49:49,534] {taskinstance.py:1358} INFO - 
--------------------------------------------------------------------------------
[2022-05-23 02:49:49,543] {taskinstance.py:1377} INFO - Executing <Task(PostgresOperator): insert_raw_sales_of_oil_derivative_fuels> on 2022-05-23 02:49:44.362387+00:00
[2022-05-23 02:49:49,548] {standard_task_runner.py:52} INFO - Started process 425 to run task
[2022-05-23 02:49:49,551] {standard_task_runner.py:79} INFO - Running: ['***', 'tasks', 'run', 'anp_fuel_sales_etl', 'insert_raw_sales_of_oil_derivative_fuels', 'manual__2022-05-23T02:49:44.362387+00:00', '--job-id', '15', '--raw', '--subdir', 'DAGS_FOLDER/anp_fuel_sales_etl.py', '--cfg-path', '/tmp/tmpa_99h87a', '--error-file', '/tmp/tmptbdlgwj_']
[2022-05-23 02:49:49,552] {standard_task_runner.py:80} INFO - Job 15: Subtask insert_raw_sales_of_oil_derivative_fuels
[2022-05-23 02:49:49,703] {task_command.py:369} INFO - Running <TaskInstance: anp_fuel_sales_etl.insert_raw_sales_of_oil_derivative_fuels manual__2022-05-23T02:49:44.362387+00:00 [running]> on host f60453fe3eb1
[2022-05-23 02:49:49,771] {taskinstance.py:1571} INFO - Exporting the following env vars:
AIRFLOW_CTX_DAG_OWNER=***
AIRFLOW_CTX_DAG_ID=anp_fuel_sales_etl
AIRFLOW_CTX_TASK_ID=insert_raw_sales_of_oil_derivative_fuels
AIRFLOW_CTX_EXECUTION_DATE=2022-05-23T02:49:44.362387+00:00
AIRFLOW_CTX_TRY_NUMBER=1
AIRFLOW_CTX_DAG_RUN_ID=manual__2022-05-23T02:49:44.362387+00:00
[2022-05-23 02:49:49,772] {crypto.py:82} WARNING - empty cryptography key - values will not be stored encrypted.
[2022-05-23 02:49:49,772] {base.py:68} INFO - Using connection ID 'postgres' for task execution.
[2022-05-23 02:49:49,775] {dbapi.py:208} INFO - Running statement: INSERT INTO public.raw_sales_of_oil_derivative_fuels
select 
        cast(ano || '-' || unnest(array['01' , '02' , '03' , '04' , '05' , '06' , '07' , '08' , '09' , '10' , '11' , '12']) || '-' || '01' as date) as year_month,
        estado as uf,
        combustivel as product,
        regiao as unit,
        unnest(array[jan , fev , mar , abr , mai, jun, jul, ago, set, out, nov, dez]) as volume,
        CURRENT_TIMESTAMP as created_at 
from public.sales_of_oil_derivative_fuels;

TRUNCATE TABLE public.sales_of_oil_derivative_fuels;, parameters: None
[2022-05-23 02:49:49,994] {taskinstance.py:1400} INFO - Marking task as SUCCESS. dag_id=anp_fuel_sales_etl, task_id=insert_raw_sales_of_oil_derivative_fuels, execution_date=20220523T024944, start_date=20220523T024949, end_date=20220523T024949
[2022-05-23 02:49:50,043] {local_task_job.py:156} INFO - Task exited with return code 0
[2022-05-23 02:49:50,173] {local_task_job.py:273} INFO - 0 downstream tasks scheduled from follow-on schedule check
