[2022-05-23 02:49:48,425] {taskinstance.py:1159} INFO - Dependencies all met for <TaskInstance: anp_fuel_sales_etl.insert_raw_sales_of_diesel manual__2022-05-23T02:49:44.362387+00:00 [queued]>
[2022-05-23 02:49:48,432] {taskinstance.py:1159} INFO - Dependencies all met for <TaskInstance: anp_fuel_sales_etl.insert_raw_sales_of_diesel manual__2022-05-23T02:49:44.362387+00:00 [queued]>
[2022-05-23 02:49:48,432] {taskinstance.py:1356} INFO - 
--------------------------------------------------------------------------------
[2022-05-23 02:49:48,432] {taskinstance.py:1357} INFO - Starting attempt 1 of 1
[2022-05-23 02:49:48,432] {taskinstance.py:1358} INFO - 
--------------------------------------------------------------------------------
[2022-05-23 02:49:48,533] {taskinstance.py:1377} INFO - Executing <Task(PostgresOperator): insert_raw_sales_of_diesel> on 2022-05-23 02:49:44.362387+00:00
[2022-05-23 02:49:48,538] {standard_task_runner.py:52} INFO - Started process 424 to run task
[2022-05-23 02:49:48,541] {standard_task_runner.py:79} INFO - Running: ['***', 'tasks', 'run', 'anp_fuel_sales_etl', 'insert_raw_sales_of_diesel', 'manual__2022-05-23T02:49:44.362387+00:00', '--job-id', '14', '--raw', '--subdir', 'DAGS_FOLDER/anp_fuel_sales_etl.py', '--cfg-path', '/tmp/tmpur7vkwd9', '--error-file', '/tmp/tmpimucnqy4']
[2022-05-23 02:49:48,541] {standard_task_runner.py:80} INFO - Job 14: Subtask insert_raw_sales_of_diesel
[2022-05-23 02:49:48,583] {task_command.py:369} INFO - Running <TaskInstance: anp_fuel_sales_etl.insert_raw_sales_of_diesel manual__2022-05-23T02:49:44.362387+00:00 [running]> on host f60453fe3eb1
[2022-05-23 02:49:48,644] {taskinstance.py:1571} INFO - Exporting the following env vars:
AIRFLOW_CTX_DAG_OWNER=***
AIRFLOW_CTX_DAG_ID=anp_fuel_sales_etl
AIRFLOW_CTX_TASK_ID=insert_raw_sales_of_diesel
AIRFLOW_CTX_EXECUTION_DATE=2022-05-23T02:49:44.362387+00:00
AIRFLOW_CTX_TRY_NUMBER=1
AIRFLOW_CTX_DAG_RUN_ID=manual__2022-05-23T02:49:44.362387+00:00
[2022-05-23 02:49:48,645] {crypto.py:82} WARNING - empty cryptography key - values will not be stored encrypted.
[2022-05-23 02:49:48,645] {base.py:68} INFO - Using connection ID 'postgres' for task execution.
[2022-05-23 02:49:48,647] {dbapi.py:208} INFO - Running statement: INSERT INTO public.raw_sales_of_diesel
select 
        cast(ano || '-' || unnest(array['01' , '02' , '03' , '04' , '05' , '06' , '07' , '08' , '09' , '10' , '11' , '12']) || '-' || '01' as date) as year_month,
        estado as uf,
        combustivel as product,
        regiao as unit,
        unnest(array[jan , fev , mar , abr , mai, jun, jul, ago, set, out, nov, dez]) as volume,
        CURRENT_TIMESTAMP as created_at 
from public.sales_of_diesel;

TRUNCATE TABLE public.sales_of_diesel;, parameters: None
[2022-05-23 02:49:48,712] {taskinstance.py:1400} INFO - Marking task as SUCCESS. dag_id=anp_fuel_sales_etl, task_id=insert_raw_sales_of_diesel, execution_date=20220523T024944, start_date=20220523T024948, end_date=20220523T024948
[2022-05-23 02:49:48,751] {local_task_job.py:156} INFO - Task exited with return code 0
[2022-05-23 02:49:48,779] {local_task_job.py:273} INFO - 0 downstream tasks scheduled from follow-on schedule check
