[2022-05-23 02:46:55,860] {taskinstance.py:1159} INFO - Dependencies all met for <TaskInstance: anp_fuel_sales_etl.insert_sales_of_diesel manual__2022-05-23T02:46:53.394080+00:00 [queued]>
[2022-05-23 02:46:55,869] {taskinstance.py:1159} INFO - Dependencies all met for <TaskInstance: anp_fuel_sales_etl.insert_sales_of_diesel manual__2022-05-23T02:46:53.394080+00:00 [queued]>
[2022-05-23 02:46:55,869] {taskinstance.py:1356} INFO - 
--------------------------------------------------------------------------------
[2022-05-23 02:46:55,869] {taskinstance.py:1357} INFO - Starting attempt 1 of 1
[2022-05-23 02:46:55,869] {taskinstance.py:1358} INFO - 
--------------------------------------------------------------------------------
[2022-05-23 02:46:55,992] {taskinstance.py:1377} INFO - Executing <Task(PythonOperator): insert_sales_of_diesel> on 2022-05-23 02:46:53.394080+00:00
[2022-05-23 02:46:55,998] {standard_task_runner.py:52} INFO - Started process 274 to run task
[2022-05-23 02:46:56,000] {standard_task_runner.py:79} INFO - Running: ['***', 'tasks', 'run', 'anp_fuel_sales_etl', 'insert_sales_of_diesel', 'manual__2022-05-23T02:46:53.394080+00:00', '--job-id', '9', '--raw', '--subdir', 'DAGS_FOLDER/anp_fuel_sales_etl.py', '--cfg-path', '/tmp/tmp6gqnzfx7', '--error-file', '/tmp/tmpw5f7ncl6']
[2022-05-23 02:46:56,001] {standard_task_runner.py:80} INFO - Job 9: Subtask insert_sales_of_diesel
[2022-05-23 02:46:56,042] {task_command.py:369} INFO - Running <TaskInstance: anp_fuel_sales_etl.insert_sales_of_diesel manual__2022-05-23T02:46:53.394080+00:00 [running]> on host f60453fe3eb1
[2022-05-23 02:46:56,129] {taskinstance.py:1571} INFO - Exporting the following env vars:
AIRFLOW_CTX_DAG_OWNER=***
AIRFLOW_CTX_DAG_ID=anp_fuel_sales_etl
AIRFLOW_CTX_TASK_ID=insert_sales_of_diesel
AIRFLOW_CTX_EXECUTION_DATE=2022-05-23T02:46:53.394080+00:00
AIRFLOW_CTX_TRY_NUMBER=1
AIRFLOW_CTX_DAG_RUN_ID=manual__2022-05-23T02:46:53.394080+00:00
[2022-05-23 02:46:56,190] {logging_mixin.py:115} INFO - the dataframe is inserted
[2022-05-23 02:46:56,190] {python.py:173} INFO - Done. Returned value was: None
[2022-05-23 02:46:56,205] {taskinstance.py:1400} INFO - Marking task as SUCCESS. dag_id=anp_fuel_sales_etl, task_id=insert_sales_of_diesel, execution_date=20220523T024653, start_date=20220523T024655, end_date=20220523T024656
[2022-05-23 02:46:56,252] {local_task_job.py:156} INFO - Task exited with return code 0
