[2022-05-23 15:20:29,387] {taskinstance.py:1159} INFO - Dependencies all met for <TaskInstance: anp_fuel_sales_etl.insert_raw_sales_of_diesel scheduled__2022-05-22T15:20:20.257265+00:00 [queued]>
[2022-05-23 15:20:29,394] {taskinstance.py:1159} INFO - Dependencies all met for <TaskInstance: anp_fuel_sales_etl.insert_raw_sales_of_diesel scheduled__2022-05-22T15:20:20.257265+00:00 [queued]>
[2022-05-23 15:20:29,394] {taskinstance.py:1356} INFO - 
--------------------------------------------------------------------------------
[2022-05-23 15:20:29,394] {taskinstance.py:1357} INFO - Starting attempt 1 of 1
[2022-05-23 15:20:29,394] {taskinstance.py:1358} INFO - 
--------------------------------------------------------------------------------
[2022-05-23 15:20:29,404] {taskinstance.py:1377} INFO - Executing <Task(PostgresOperator): insert_raw_sales_of_diesel> on 2022-05-22 15:20:20.257265+00:00
[2022-05-23 15:20:29,409] {standard_task_runner.py:52} INFO - Started process 138 to run task
[2022-05-23 15:20:29,412] {standard_task_runner.py:79} INFO - Running: ['***', 'tasks', 'run', 'anp_fuel_sales_etl', 'insert_raw_sales_of_diesel', 'scheduled__2022-05-22T15:20:20.257265+00:00', '--job-id', '21', '--raw', '--subdir', 'DAGS_FOLDER/anp_fuel_sales_etl.py', '--cfg-path', '/tmp/tmpf_1c2y9s', '--error-file', '/tmp/tmp9j4wypdn']
[2022-05-23 15:20:29,413] {standard_task_runner.py:80} INFO - Job 21: Subtask insert_raw_sales_of_diesel
[2022-05-23 15:20:29,565] {task_command.py:369} INFO - Running <TaskInstance: anp_fuel_sales_etl.insert_raw_sales_of_diesel scheduled__2022-05-22T15:20:20.257265+00:00 [running]> on host df0d00c8b63e
[2022-05-23 15:20:29,625] {taskinstance.py:1571} INFO - Exporting the following env vars:
AIRFLOW_CTX_DAG_OWNER=***
AIRFLOW_CTX_DAG_ID=anp_fuel_sales_etl
AIRFLOW_CTX_TASK_ID=insert_raw_sales_of_diesel
AIRFLOW_CTX_EXECUTION_DATE=2022-05-22T15:20:20.257265+00:00
AIRFLOW_CTX_TRY_NUMBER=1
AIRFLOW_CTX_DAG_RUN_ID=scheduled__2022-05-22T15:20:20.257265+00:00
[2022-05-23 15:20:29,626] {crypto.py:82} WARNING - empty cryptography key - values will not be stored encrypted.
[2022-05-23 15:20:29,626] {base.py:68} INFO - Using connection ID 'postgres' for task execution.
[2022-05-23 15:20:29,630] {dbapi.py:208} INFO - Running statement: INSERT INTO public.raw_sales_of_diesel
select 
        cast(ano || '-' || unnest(array['01' , '02' , '03' , '04' , '05' , '06' , '07' , '08' , '09' , '10' , '11' , '12']) || '-' || '01' as date) as year_month,
        estado as uf,
        combustivel as product,
        regiao as unit,
        unnest(array[jan , fev , mar , abr , mai, jun, jul, ago, set, out, nov, dez]) as volume,
        CURRENT_TIMESTAMP as created_at 
from public.sales_of_diesel;

TRUNCATE TABLE public.sales_of_diesel;, parameters: None
[2022-05-23 15:20:29,678] {taskinstance.py:1400} INFO - Marking task as SUCCESS. dag_id=anp_fuel_sales_etl, task_id=insert_raw_sales_of_diesel, execution_date=20220522T152020, start_date=20220523T152029, end_date=20220523T152029
[2022-05-23 15:20:29,703] {local_task_job.py:156} INFO - Task exited with return code 0
[2022-05-23 15:20:29,834] {local_task_job.py:273} INFO - 0 downstream tasks scheduled from follow-on schedule check
