[2022-05-23 02:49:46,595] {taskinstance.py:1159} INFO - Dependencies all met for <TaskInstance: anp_fuel_sales_etl.insert_sales_of_diesel manual__2022-05-23T02:49:44.362387+00:00 [queued]>
[2022-05-23 02:49:46,602] {taskinstance.py:1159} INFO - Dependencies all met for <TaskInstance: anp_fuel_sales_etl.insert_sales_of_diesel manual__2022-05-23T02:49:44.362387+00:00 [queued]>
[2022-05-23 02:49:46,602] {taskinstance.py:1356} INFO - 
--------------------------------------------------------------------------------
[2022-05-23 02:49:46,602] {taskinstance.py:1357} INFO - Starting attempt 1 of 1
[2022-05-23 02:49:46,602] {taskinstance.py:1358} INFO - 
--------------------------------------------------------------------------------
[2022-05-23 02:49:46,612] {taskinstance.py:1377} INFO - Executing <Task(PythonOperator): insert_sales_of_diesel> on 2022-05-23 02:49:44.362387+00:00
[2022-05-23 02:49:46,617] {standard_task_runner.py:52} INFO - Started process 418 to run task
[2022-05-23 02:49:46,619] {standard_task_runner.py:79} INFO - Running: ['***', 'tasks', 'run', 'anp_fuel_sales_etl', 'insert_sales_of_diesel', 'manual__2022-05-23T02:49:44.362387+00:00', '--job-id', '12', '--raw', '--subdir', 'DAGS_FOLDER/anp_fuel_sales_etl.py', '--cfg-path', '/tmp/tmpuu_8355b', '--error-file', '/tmp/tmpuv1i6_2h']
[2022-05-23 02:49:46,620] {standard_task_runner.py:80} INFO - Job 12: Subtask insert_sales_of_diesel
[2022-05-23 02:49:46,776] {task_command.py:369} INFO - Running <TaskInstance: anp_fuel_sales_etl.insert_sales_of_diesel manual__2022-05-23T02:49:44.362387+00:00 [running]> on host f60453fe3eb1
[2022-05-23 02:49:46,862] {taskinstance.py:1571} INFO - Exporting the following env vars:
AIRFLOW_CTX_DAG_OWNER=***
AIRFLOW_CTX_DAG_ID=anp_fuel_sales_etl
AIRFLOW_CTX_TASK_ID=insert_sales_of_diesel
AIRFLOW_CTX_EXECUTION_DATE=2022-05-23T02:49:44.362387+00:00
AIRFLOW_CTX_TRY_NUMBER=1
AIRFLOW_CTX_DAG_RUN_ID=manual__2022-05-23T02:49:44.362387+00:00
[2022-05-23 02:49:46,919] {logging_mixin.py:115} INFO - the dataframe is inserted
[2022-05-23 02:49:46,919] {python.py:173} INFO - Done. Returned value was: None
[2022-05-23 02:49:46,931] {taskinstance.py:1400} INFO - Marking task as SUCCESS. dag_id=anp_fuel_sales_etl, task_id=insert_sales_of_diesel, execution_date=20220523T024944, start_date=20220523T024946, end_date=20220523T024946
[2022-05-23 02:49:46,951] {local_task_job.py:156} INFO - Task exited with return code 0
